<?xml version="1.0" encoding="UTF-8"?>
<!-- Generated by org.testng.reporters.JUnitReportReporter -->
<testsuite skipped="0" hostname="Ekramuls-MBP-2.home" name="com.SwagLabs.testCases.TC_FuctionalTest_BuyProduct" tests="1" failures="0" timestamp="29 Sep 2019 16:21:17 GMT" time="2.029" errors="0">
  <testcase name="loginTest" time="2.029" classname="com.SwagLabs.testCases.TC_FuctionalTest_BuyProduct"/>
</testsuite> <!-- com.SwagLabs.testCases.TC_FuctionalTest_BuyProduct -->
