<?xml version="1.0" encoding="UTF-8"?>
<!-- Generated by org.testng.reporters.JUnitReportReporter -->
<testsuite skipped="0" hostname="Ekramuls-MBP-2.home" name="com.SwagLabs.testCases.TC_FuctionalTest_BuyProduct_04" tests="1" failures="0" timestamp="29 Sep 2019 20:30:37 GMT" time="5.841" errors="0">
  <testcase name="loginTest" time="5.841" classname="com.SwagLabs.testCases.TC_FuctionalTest_BuyProduct_04"/>
</testsuite> <!-- com.SwagLabs.testCases.TC_FuctionalTest_BuyProduct_04 -->
