<?xml version="1.0" encoding="UTF-8"?>
<!-- Generated by org.testng.reporters.JUnitReportReporter -->
<testsuite skipped="0" hostname="Ekramuls-MBP-2.home" name="com.SwagLabs.testCases.TC_FuctionalTest_BuyProduct_03" tests="1" failures="0" timestamp="29 Sep 2019 22:31:13 GMT" time="3.011" errors="0">
  <testcase name="loginTest" time="3.011" classname="com.SwagLabs.testCases.TC_FuctionalTest_BuyProduct_03"/>
</testsuite> <!-- com.SwagLabs.testCases.TC_FuctionalTest_BuyProduct_03 -->
